<html xmlns:math="http://exslt.org/math" xmlns:testng="http://testng.org">
   <head>
      <title>TestNG Results</title>
      <meta http-equiv="content-type" content="text/html; charset=utf-8"></meta>
      <meta http-equiv="pragma" content="no-cache"></meta>
      <meta http-equiv="cache-control" content="max-age=0"></meta>
      <meta http-equiv="cache-control" content="no-cache"></meta>
      <meta http-equiv="cache-control" content="no-store"></meta>
      <LINK rel="stylesheet" href="style.css"></LINK>
      <script type="text/javascript" src="main.js"></script>
   </head>
   <body>
      <table width="100%" style="font-size: 16px; margin-bottom: 10px;" cellspacing="1">
         <tr>
            <td width="100%">
               All methods in suite
               
               <b>Default suite</b>
            </td>
            <td style="background-color: #FFBBBB; padding: 3px 3px 3px 0;" align="center">
               <div style="width: 50px;">2</div>
            </td>
            <td style="background-color: lightgreen; padding: 3px 3px 3px 0;" align="center">
               <div style="width: 50px;">1</div>
            </td>
            <td style="background-color: #FFFFBB; padding: 3px 3px 3px 0;" align="center">
               <div style="width: 50px;">1</div>
            </td>
            <td align="center" style="background-color: #eaf0f7; padding: 3px 3px 3px 0;">
               <div style="width: 50px;">4</div>
            </td>
            <td align="center"
                style="font-weight: bold; background-color: #eaf0f7; padding: 3px 3px 3px 0;">
               <div style="width: 50px;">25%</div>
            </td>
            <td style="background-color: #eaf0f7; padding: 3px 3px 3px 0;" align="center"
                nowrap="true">27m
               20s
               
            </td>
         </tr>
      </table>
      <div style="width: 200px;">
         <label for="groupMethodsCheckBox" style="font-weight: bold; margin: 0;">
            <input id="groupMethodsCheckBox" type="checkbox" onclick="switchTestMethodsView(this)"
                   checked=""></input>
            Group by class
            
         </label>
         <br></br>
         <label for="methodsFilter_ALL" style="font-weight: bold; margin: 0;">
            <input id="methodsFilter_ALL" type="checkbox"
                   onclick="testMethodsFilterChanged(this, 'ALL')"
                   checked=""></input>
            All
            
         </label>
      </div>
      <label for="methodsFilter_FAIL" style="margin-left: 20px;">
         <input id="methodsFilter_FAIL" type="checkbox"
                onclick="testMethodsFilterChanged(this, 'FAIL')"
                checked=""></input>
         Failed
         
      </label>
      <label for="methodsFilter_PASS">
         <input id="methodsFilter_PASS" type="checkbox"
                onclick="testMethodsFilterChanged(this, 'PASS')"
                checked=""></input>
         Passed
         
      </label>
      <label for="methodsFilter_SKIP">
         <input id="methodsFilter_SKIP" type="checkbox"
                onclick="testMethodsFilterChanged(this, 'SKIP')"
                checked=""></input>
         Skipped
         
      </label>
      <label for="methodsFilter_CONF">
         <input id="methodsFilter_CONF" type="checkbox"
                onclick="testMethodsFilterChanged(this, 'CONF')"
                checked=""></input>
         Config
         
      </label>
      <br></br>
      <div id="testMethodsByStatus" style="display: none;">
         <table class="testMethodsTable" cellpadding="0" cellspacing="0">
            <tr class="methodsTableHeader">
               <td width="100%">Name</td>
               <td nowrap="true">Started</td>
               <td nowrap="true">Duration</td>
               <td>Exception</td>
            </tr>
            <tr id="ajatest.Login_asserttest_byStatus_failed_FAIL1_row"
                class="testMethodStatusFAIL">
               <td width="100%" class="firstMethodCell">
                  <a onclick="toggleDetailsVisibility('ajatest.Login_asserttest_byStatus_failed_FAIL1_details')">asserttest()</a>
               </td>
               <td nowrap="true">16:13:53</td>
               <td nowrap="true" align="right">156 ms
                  
               </td>
               <td nowrap="true">
                  <a onclick="toggleDetailsVisibility('ajatest.Login_asserttest_byStatus_failed_FAIL1_exception')">java.lang.AssertionError: 
                     expected [ACRJournal Adviso] but found [ACRJournal Advisor]
                     
                  </a>
                   
                  
               </td>
            </tr>
            <tr>
               <td colspan="4" class="detailsBox">
                  <div id="ajatest.Login_asserttest_byStatus_failed_FAIL1_details"
                       class="testMethodDetails">
                     <div>
                        <b>Name: </b>asserttest
                     </div>
                     <div>
                        <b>Signature: </b>asserttest()[pri:0, instance:ajatest.Login@14c508a]
                     </div>
                     <div>
                        <b>Start time: </b>16:13:53
                     </div>
                     <div>
                        <b>End time: </b>16:13:53
                     </div>
                     <div>
                        <b>Duration: </b>156 ms
                        
                     </div>
                  </div>
               </td>
            </tr>
            <tr>
               <td colspan="4" class="detailsBox">
                  <div id="ajatest.Login_asserttest_byStatus_failed_FAIL1_exception"
                       class="testMethodDetails">
                     <pre style="padding: 5px; margin: 0;">java.lang.AssertionError: expected [ACRJournal Adviso] but found [ACRJournal Advisor]
                        	at org.testng.Assert.fail(Assert.java:94)
                        	at org.testng.Assert.failNotEquals(Assert.java:496)
                        	at org.testng.Assert.assertEquals(Assert.java:125)
                        	at org.testng.Assert.assertEquals(Assert.java:178)
                        	at org.testng.Assert.assertEquals(Assert.java:188)
                        	at ajatest.Login.asserttest(Login.java:65)
                        	at sun.reflect.NativeMethodAccessorImpl.invoke0(Native Method)
                        	at sun.reflect.NativeMethodAccessorImpl.invoke(Unknown Source)
                        	at sun.reflect.DelegatingMethodAccessorImpl.invoke(Unknown Source)
                        	at java.lang.reflect.Method.invoke(Unknown Source)
                        	at org.testng.internal.MethodInvocationHelper.invokeMethod(MethodInvocationHelper.java:85)
                        	at org.testng.internal.Invoker.invokeMethod(Invoker.java:639)
                        	at org.testng.internal.Invoker.invokeTestMethod(Invoker.java:816)
                        	at org.testng.internal.Invoker.invokeTestMethods(Invoker.java:1124)
                        	at org.testng.internal.TestMethodWorker.invokeTestMethods(TestMethodWorker.java:125)
                        	at org.testng.internal.TestMethodWorker.run(TestMethodWorker.java:108)
                        	at org.testng.TestRunner.privateRun(TestRunner.java:774)
                        	at org.testng.TestRunner.run(TestRunner.java:624)
                        	at org.testng.SuiteRunner.runTest(SuiteRunner.java:359)
                        	at org.testng.SuiteRunner.runSequentially(SuiteRunner.java:354)
                        	at org.testng.SuiteRunner.privateRun(SuiteRunner.java:312)
                        	at org.testng.SuiteRunner.run(SuiteRunner.java:261)
                        	at org.testng.SuiteRunnerWorker.runSuite(SuiteRunnerWorker.java:52)
                        	at org.testng.SuiteRunnerWorker.run(SuiteRunnerWorker.java:86)
                        	at org.testng.TestNG.runSuitesSequentially(TestNG.java:1215)
                        	at org.testng.TestNG.runSuitesLocally(TestNG.java:1140)
                        	at org.testng.TestNG.run(TestNG.java:1048)
                        	at org.testng.remote.RemoteTestNG.run(RemoteTestNG.java:112)
                        	at org.testng.remote.RemoteTestNG.initAndRun(RemoteTestNG.java:205)
                        	at org.testng.remote.RemoteTestNG.main(RemoteTestNG.java:176)
                     </pre>
                  </div>
               </td>
            </tr>
            <tr id="ajatest.Login_asserttest1_byStatus_failed_FAIL2_row"
                class="testMethodStatusFAIL">
               <td width="100%" class="firstMethodCell">
                  <a onclick="toggleDetailsVisibility('ajatest.Login_asserttest1_byStatus_failed_FAIL2_details')">asserttest1()</a>
               </td>
               <td nowrap="true">16:14:00</td>
               <td nowrap="true" align="right">3 ms
                  
               </td>
               <td nowrap="true">
                  <a onclick="toggleDetailsVisibility('ajatest.Login_asserttest1_byStatus_failed_FAIL2_exception')">java.lang.AssertionError: 
                     expected [ACR Journal Advisor: More Than Researc] but found [ACR Journal Advisor: More Than Research]
                     
                  </a>
                   
                  
               </td>
            </tr>
            <tr>
               <td colspan="4" class="detailsBox">
                  <div id="ajatest.Login_asserttest1_byStatus_failed_FAIL2_details"
                       class="testMethodDetails">
                     <div>
                        <b>Name: </b>asserttest1
                     </div>
                     <div>
                        <b>Signature: </b>asserttest1()[pri:0, instance:ajatest.Login@14c508a]
                     </div>
                     <div>
                        <b>Start time: </b>16:14:00
                     </div>
                     <div>
                        <b>End time: </b>16:14:00
                     </div>
                     <div>
                        <b>Duration: </b>3 ms
                        
                     </div>
                  </div>
               </td>
            </tr>
            <tr>
               <td colspan="4" class="detailsBox">
                  <div id="ajatest.Login_asserttest1_byStatus_failed_FAIL2_exception"
                       class="testMethodDetails">
                     <pre style="padding: 5px; margin: 0;">java.lang.AssertionError: expected [ACR Journal Advisor: More Than Researc] but found [ACR Journal Advisor: More Than Research]
                        	at org.testng.Assert.fail(Assert.java:94)
                        	at org.testng.Assert.failNotEquals(Assert.java:496)
                        	at org.testng.Assert.assertEquals(Assert.java:125)
                        	at org.testng.Assert.assertEquals(Assert.java:178)
                        	at org.testng.Assert.assertEquals(Assert.java:188)
                        	at ajatest.Login.asserttest1(Login.java:79)
                        	at sun.reflect.NativeMethodAccessorImpl.invoke0(Native Method)
                        	at sun.reflect.NativeMethodAccessorImpl.invoke(Unknown Source)
                        	at sun.reflect.DelegatingMethodAccessorImpl.invoke(Unknown Source)
                        	at java.lang.reflect.Method.invoke(Unknown Source)
                        	at org.testng.internal.MethodInvocationHelper.invokeMethod(MethodInvocationHelper.java:85)
                        	at org.testng.internal.Invoker.invokeMethod(Invoker.java:639)
                        	at org.testng.internal.Invoker.invokeTestMethod(Invoker.java:816)
                        	at org.testng.internal.Invoker.invokeTestMethods(Invoker.java:1124)
                        	at org.testng.internal.TestMethodWorker.invokeTestMethods(TestMethodWorker.java:125)
                        	at org.testng.internal.TestMethodWorker.run(TestMethodWorker.java:108)
                        	at org.testng.TestRunner.privateRun(TestRunner.java:774)
                        	at org.testng.TestRunner.run(TestRunner.java:624)
                        	at org.testng.SuiteRunner.runTest(SuiteRunner.java:359)
                        	at org.testng.SuiteRunner.runSequentially(SuiteRunner.java:354)
                        	at org.testng.SuiteRunner.privateRun(SuiteRunner.java:312)
                        	at org.testng.SuiteRunner.run(SuiteRunner.java:261)
                        	at org.testng.SuiteRunnerWorker.runSuite(SuiteRunnerWorker.java:52)
                        	at org.testng.SuiteRunnerWorker.run(SuiteRunnerWorker.java:86)
                        	at org.testng.TestNG.runSuitesSequentially(TestNG.java:1215)
                        	at org.testng.TestNG.runSuitesLocally(TestNG.java:1140)
                        	at org.testng.TestNG.run(TestNG.java:1048)
                        	at org.testng.remote.RemoteTestNG.run(RemoteTestNG.java:112)
                        	at org.testng.remote.RemoteTestNG.initAndRun(RemoteTestNG.java:205)
                        	at org.testng.remote.RemoteTestNG.main(RemoteTestNG.java:176)
                     </pre>
                  </div>
               </td>
            </tr>
            <tr id="ajatest.Login_tearDown_byStatus_failed_FAIL3_row"
                class="testMethodStatusFAIL testMethodStatusCONF">
               <td width="100%" class="firstMethodCell">
                  <a onclick="toggleDetailsVisibility('ajatest.Login_tearDown_byStatus_failed_FAIL3_details')">tearDown()</a>
               </td>
               <td nowrap="true">16:41:07</td>
               <td nowrap="true" align="right">0 ms
                  
               </td>
               <td nowrap="true">
                  <a onclick="toggleDetailsVisibility('ajatest.Login_tearDown_byStatus_failed_FAIL3_exception')">org.openqa.selenium.WebDriverException: 
                     chrome not reachable
                     (Session info: chrome=47.0.2526.106)
                     (Driver info: chromedriver=2.9.248315,platform=Windows NT 6.1 SP1 x86) (WARNING: The server did not provide any stacktrace
                     information)
                     Command duration or timeout: 1.06 seconds
                     Build info: version: '2.48.2', revision: '41bccdd', time: '2015-10-09 19:59:12'
                     System info: host: 'MWEB-GBD3DUC041', ip: '10.200.2.120', os.name: 'Windows 7', os.arch: 'x86', os.version: '6.1', java.version:
                     '1.8.0_66'
                     Driver info: org.openqa.selenium.chrome.ChromeDriver
                     Capabilities [{applicationCacheEnabled=false, rotatable=false, chrome={userDataDir=C:\Users\SKRISH~1\AppData\Local\Temp\scoped_dir2928_29092},
                     takesHeapSnapshot=true, databaseEnabled=false, handlesAlerts=true, version=47.0.2526.106, platform=XP, browserConnectionEnabled=false,
                     nativeEvents=true, acceptSslCerts=true, locationContextEnabled=true, webStorageEnabled=true, browserName=chrome, takesScreenshot=true,
                     javascriptEnabled=true, cssSelectorsEnabled=true}]
                     Session ID: 2c74894b0e4ff0ffa5a5ffd6287acd61
                     
                  </a>
                   
                  
               </td>
            </tr>
            <tr>
               <td colspan="4" class="detailsBox">
                  <div id="ajatest.Login_tearDown_byStatus_failed_FAIL3_details"
                       class="testMethodDetails">
                     <div>
                        <b>Name: </b>tearDown
                     </div>
                     <div>
                        <b>Signature: </b>tearDown()[pri:0, instance:ajatest.Login@14c508a]
                     </div>
                     <div>
                        <b>Start time: </b>16:41:07
                     </div>
                     <div>
                        <b>End time: </b>16:41:07
                     </div>
                     <div>
                        <b>Duration: </b>0 ms
                        
                     </div>
                  </div>
               </td>
            </tr>
            <tr>
               <td colspan="4" class="detailsBox">
                  <div id="ajatest.Login_tearDown_byStatus_failed_FAIL3_exception"
                       class="testMethodDetails">
                     <pre style="padding: 5px; margin: 0;">org.openqa.selenium.WebDriverException: chrome not reachable
                        (Session info: chrome=47.0.2526.106)
                        (Driver info: chromedriver=2.9.248315,platform=Windows NT 6.1 SP1 x86) (WARNING: The server did not provide any stacktrace
                        information)
                        Command duration or timeout: 1.06 seconds
                        Build info: version: '2.48.2', revision: '41bccdd', time: '2015-10-09 19:59:12'
                        System info: host: 'MWEB-GBD3DUC041', ip: '10.200.2.120', os.name: 'Windows 7', os.arch: 'x86', os.version: '6.1', java.version:
                        '1.8.0_66'
                        Driver info: org.openqa.selenium.chrome.ChromeDriver
                        Capabilities [{applicationCacheEnabled=false, rotatable=false, chrome={userDataDir=C:\Users\SKRISH~1\AppData\Local\Temp\scoped_dir2928_29092},
                        takesHeapSnapshot=true, databaseEnabled=false, handlesAlerts=true, version=47.0.2526.106, platform=XP, browserConnectionEnabled=false,
                        nativeEvents=true, acceptSslCerts=true, locationContextEnabled=true, webStorageEnabled=true, browserName=chrome, takesScreenshot=true,
                        javascriptEnabled=true, cssSelectorsEnabled=true}]
                        Session ID: 2c74894b0e4ff0ffa5a5ffd6287acd61
                        	at sun.reflect.NativeConstructorAccessorImpl.newInstance0(Native Method)
                        	at sun.reflect.NativeConstructorAccessorImpl.newInstance(Unknown Source)
                        	at sun.reflect.DelegatingConstructorAccessorImpl.newInstance(Unknown Source)
                        	at java.lang.reflect.Constructor.newInstance(Unknown Source)
                        	at org.openqa.selenium.remote.ErrorHandler.createThrowable(ErrorHandler.java:206)
                        	at org.openqa.selenium.remote.ErrorHandler.throwIfResponseFailed(ErrorHandler.java:158)
                        	at org.openqa.selenium.remote.RemoteWebDriver.execute(RemoteWebDriver.java:647)
                        	at org.openqa.selenium.remote.RemoteWebDriver.execute(RemoteWebDriver.java:670)
                        	at org.openqa.selenium.remote.RemoteWebDriver.close(RemoteWebDriver.java:511)
                        	at ajatest.Login.tearDown(Login.java:109)
                        	at sun.reflect.NativeMethodAccessorImpl.invoke0(Native Method)
                        	at sun.reflect.NativeMethodAccessorImpl.invoke(Unknown Source)
                        	at sun.reflect.DelegatingMethodAccessorImpl.invoke(Unknown Source)
                        	at java.lang.reflect.Method.invoke(Unknown Source)
                        	at org.testng.internal.MethodInvocationHelper.invokeMethod(MethodInvocationHelper.java:85)
                        	at org.testng.internal.Invoker.invokeConfigurationMethod(Invoker.java:510)
                        	at org.testng.internal.Invoker.invokeConfigurations(Invoker.java:211)
                        	at org.testng.internal.Invoker.invokeMethod(Invoker.java:703)
                        	at org.testng.internal.Invoker.invokeTestMethod(Invoker.java:816)
                        	at org.testng.internal.Invoker.invokeTestMethods(Invoker.java:1124)
                        	at org.testng.internal.TestMethodWorker.invokeTestMethods(TestMethodWorker.java:125)
                        	at org.testng.internal.TestMethodWorker.run(TestMethodWorker.java:108)
                        	at org.testng.TestRunner.privateRun(TestRunner.java:774)
                        	at org.testng.TestRunner.run(TestRunner.java:624)
                        	at org.testng.SuiteRunner.runTest(SuiteRunner.java:359)
                        	at org.testng.SuiteRunner.runSequentially(SuiteRunner.java:354)
                        	at org.testng.SuiteRunner.privateRun(SuiteRunner.java:312)
                        	at org.testng.SuiteRunner.run(SuiteRunner.java:261)
                        	at org.testng.SuiteRunnerWorker.runSuite(SuiteRunnerWorker.java:52)
                        	at org.testng.SuiteRunnerWorker.run(SuiteRunnerWorker.java:86)
                        	at org.testng.TestNG.runSuitesSequentially(TestNG.java:1215)
                        	at org.testng.TestNG.runSuitesLocally(TestNG.java:1140)
                        	at org.testng.TestNG.run(TestNG.java:1048)
                        	at org.testng.remote.RemoteTestNG.run(RemoteTestNG.java:112)
                        	at org.testng.remote.RemoteTestNG.initAndRun(RemoteTestNG.java:205)
                        	at org.testng.remote.RemoteTestNG.main(RemoteTestNG.java:176)
                     </pre>
                  </div>
               </td>
            </tr>
            <tr id="ajatest.Login_dbTest_byStatus_passed_PASS1_row"
                class="testMethodStatusPASS testMethodStatusCONF">
               <td width="100%" class="firstMethodCell">
                  <a onclick="toggleDetailsVisibility('ajatest.Login_dbTest_byStatus_passed_PASS1_details')">dbTest()</a>
               </td>
               <td nowrap="true">16:13:49</td>
               <td nowrap="true" align="right">823 ms
                  
               </td>
               <td nowrap="true">
                   
                  
               </td>
            </tr>
            <tr>
               <td colspan="4" class="detailsBox">
                  <div id="ajatest.Login_dbTest_byStatus_passed_PASS1_details"
                       class="testMethodDetails">
                     <div>
                        <b>Name: </b>dbTest
                     </div>
                     <div>
                        <b>Signature: </b>dbTest()[pri:0, instance:ajatest.Login@14c508a]
                     </div>
                     <div>
                        <b>Start time: </b>16:13:49
                     </div>
                     <div>
                        <b>End time: </b>16:13:49
                     </div>
                     <div>
                        <b>Duration: </b>823 ms
                        
                     </div>
                  </div>
               </td>
            </tr>
            <tr></tr>
            <tr id="ajatest.Login_setUp_byStatus_passed_PASS2_row"
                class="testMethodStatusPASS testMethodStatusCONF">
               <td width="100%" class="firstMethodCell">
                  <a onclick="toggleDetailsVisibility('ajatest.Login_setUp_byStatus_passed_PASS2_details')">setUp()</a>
               </td>
               <td nowrap="true">16:13:49</td>
               <td nowrap="true" align="right">3s
                  
               </td>
               <td nowrap="true">
                   
                  
               </td>
            </tr>
            <tr>
               <td colspan="4" class="detailsBox">
                  <div id="ajatest.Login_setUp_byStatus_passed_PASS2_details"
                       class="testMethodDetails">
                     <div>
                        <b>Name: </b>setUp
                     </div>
                     <div>
                        <b>Signature: </b>setUp()[pri:0, instance:ajatest.Login@14c508a]
                     </div>
                     <div>
                        <b>Start time: </b>16:13:49
                     </div>
                     <div>
                        <b>End time: </b>16:13:53
                     </div>
                     <div>
                        <b>Duration: </b>3s
                        
                     </div>
                  </div>
               </td>
            </tr>
            <tr></tr>
            <tr id="ajatest.Login_tearDown_byStatus_passed_PASS3_row"
                class="testMethodStatusPASS testMethodStatusCONF">
               <td width="100%" class="firstMethodCell">
                  <a onclick="toggleDetailsVisibility('ajatest.Login_tearDown_byStatus_passed_PASS3_details')">tearDown()</a>
               </td>
               <td nowrap="true">16:13:53</td>
               <td nowrap="true" align="right">5s
                  
               </td>
               <td nowrap="true">
                   
                  
               </td>
            </tr>
            <tr>
               <td colspan="4" class="detailsBox">
                  <div id="ajatest.Login_tearDown_byStatus_passed_PASS3_details"
                       class="testMethodDetails">
                     <div>
                        <b>Name: </b>tearDown
                     </div>
                     <div>
                        <b>Signature: </b>tearDown()[pri:0, instance:ajatest.Login@14c508a]
                     </div>
                     <div>
                        <b>Start time: </b>16:13:53
                     </div>
                     <div>
                        <b>End time: </b>16:13:58
                     </div>
                     <div>
                        <b>Duration: </b>5s
                        
                     </div>
                  </div>
               </td>
            </tr>
            <tr></tr>
            <tr id="ajatest.Login_setUp_byStatus_passed_PASS4_row"
                class="testMethodStatusPASS testMethodStatusCONF">
               <td width="100%" class="firstMethodCell">
                  <a onclick="toggleDetailsVisibility('ajatest.Login_setUp_byStatus_passed_PASS4_details')">setUp()</a>
               </td>
               <td nowrap="true">16:13:58</td>
               <td nowrap="true" align="right">1s
                  
               </td>
               <td nowrap="true">
                   
                  
               </td>
            </tr>
            <tr>
               <td colspan="4" class="detailsBox">
                  <div id="ajatest.Login_setUp_byStatus_passed_PASS4_details"
                       class="testMethodDetails">
                     <div>
                        <b>Name: </b>setUp
                     </div>
                     <div>
                        <b>Signature: </b>setUp()[pri:0, instance:ajatest.Login@14c508a]
                     </div>
                     <div>
                        <b>Start time: </b>16:13:58
                     </div>
                     <div>
                        <b>End time: </b>16:14:00
                     </div>
                     <div>
                        <b>Duration: </b>1s
                        
                     </div>
                  </div>
               </td>
            </tr>
            <tr></tr>
            <tr id="ajatest.Login_tearDown_byStatus_passed_PASS5_row"
                class="testMethodStatusPASS testMethodStatusCONF">
               <td width="100%" class="firstMethodCell">
                  <a onclick="toggleDetailsVisibility('ajatest.Login_tearDown_byStatus_passed_PASS5_details')">tearDown()</a>
               </td>
               <td nowrap="true">16:14:00</td>
               <td nowrap="true" align="right">4s
                  
               </td>
               <td nowrap="true">
                   
                  
               </td>
            </tr>
            <tr>
               <td colspan="4" class="detailsBox">
                  <div id="ajatest.Login_tearDown_byStatus_passed_PASS5_details"
                       class="testMethodDetails">
                     <div>
                        <b>Name: </b>tearDown
                     </div>
                     <div>
                        <b>Signature: </b>tearDown()[pri:0, instance:ajatest.Login@14c508a]
                     </div>
                     <div>
                        <b>Start time: </b>16:14:00
                     </div>
                     <div>
                        <b>End time: </b>16:14:04
                     </div>
                     <div>
                        <b>Duration: </b>4s
                        
                     </div>
                  </div>
               </td>
            </tr>
            <tr></tr>
            <tr id="ajatest.Login_setUp_byStatus_passed_PASS6_row"
                class="testMethodStatusPASS testMethodStatusCONF">
               <td width="100%" class="firstMethodCell">
                  <a onclick="toggleDetailsVisibility('ajatest.Login_setUp_byStatus_passed_PASS6_details')">setUp()</a>
               </td>
               <td nowrap="true">16:14:04</td>
               <td nowrap="true" align="right">2s
                  
               </td>
               <td nowrap="true">
                   
                  
               </td>
            </tr>
            <tr>
               <td colspan="4" class="detailsBox">
                  <div id="ajatest.Login_setUp_byStatus_passed_PASS6_details"
                       class="testMethodDetails">
                     <div>
                        <b>Name: </b>setUp
                     </div>
                     <div>
                        <b>Signature: </b>setUp()[pri:0, instance:ajatest.Login@14c508a]
                     </div>
                     <div>
                        <b>Start time: </b>16:14:04
                     </div>
                     <div>
                        <b>End time: </b>16:14:07
                     </div>
                     <div>
                        <b>Duration: </b>2s
                        
                     </div>
                  </div>
               </td>
            </tr>
            <tr></tr>
            <tr id="ajatest.Login_login_byStatus_passed_PASS7_row" class="testMethodStatusPASS">
               <td width="100%" class="firstMethodCell">
                  <a onclick="toggleDetailsVisibility('ajatest.Login_login_byStatus_passed_PASS7_details')">login()</a>
               </td>
               <td nowrap="true">16:14:07</td>
               <td nowrap="true" align="right">27m
                  
               </td>
               <td nowrap="true">
                   
                  
               </td>
            </tr>
            <tr>
               <td colspan="4" class="detailsBox">
                  <div id="ajatest.Login_login_byStatus_passed_PASS7_details"
                       class="testMethodDetails">
                     <div>
                        <b>Name: </b>login
                     </div>
                     <div>
                        <b>Signature: </b>login()[pri:0, instance:ajatest.Login@14c508a]
                     </div>
                     <div>
                        <b>Start time: </b>16:14:07
                     </div>
                     <div>
                        <b>End time: </b>16:41:07
                     </div>
                     <div>
                        <b>Duration: </b>27m
                        
                     </div>
                  </div>
               </td>
            </tr>
            <tr></tr>
            <tr id="ajatest.Login_setUp_byStatus_skiped_SKIP1_row"
                class="testMethodStatusSKIP testMethodStatusCONF">
               <td width="100%" class="firstMethodCell">
                  <a onclick="toggleDetailsVisibility('ajatest.Login_setUp_byStatus_skiped_SKIP1_details')">setUp()</a>
               </td>
               <td nowrap="true">16:41:10</td>
               <td nowrap="true" align="right">0 ms
                  
               </td>
               <td nowrap="true">
                   
                  
               </td>
            </tr>
            <tr>
               <td colspan="4" class="detailsBox">
                  <div id="ajatest.Login_setUp_byStatus_skiped_SKIP1_details"
                       class="testMethodDetails">
                     <div>
                        <b>Name: </b>setUp
                     </div>
                     <div>
                        <b>Signature: </b>setUp()[pri:0, instance:ajatest.Login@14c508a]
                     </div>
                     <div>
                        <b>Start time: </b>16:41:10
                     </div>
                     <div>
                        <b>End time: </b>16:41:10
                     </div>
                     <div>
                        <b>Duration: </b>0 ms
                        
                     </div>
                  </div>
               </td>
            </tr>
            <tr></tr>
            <tr id="ajatest.Login_testCaseSkipException_byStatus_skiped_SKIP2_row"
                class="testMethodStatusSKIP">
               <td width="100%" class="firstMethodCell">
                  <a onclick="toggleDetailsVisibility('ajatest.Login_testCaseSkipException_byStatus_skiped_SKIP2_details')">testCaseSkipException()</a>
               </td>
               <td nowrap="true">16:41:10</td>
               <td nowrap="true" align="right">0 ms
                  
               </td>
               <td nowrap="true">
                   
                  
               </td>
            </tr>
            <tr>
               <td colspan="4" class="detailsBox">
                  <div id="ajatest.Login_testCaseSkipException_byStatus_skiped_SKIP2_details"
                       class="testMethodDetails">
                     <div>
                        <b>Name: </b>testCaseSkipException
                     </div>
                     <div>
                        <b>Signature: </b>testCaseSkipException()[pri:0, instance:ajatest.Login@14c508a]
                     </div>
                     <div>
                        <b>Start time: </b>16:41:10
                     </div>
                     <div>
                        <b>End time: </b>16:41:10
                     </div>
                     <div>
                        <b>Duration: </b>0 ms
                        
                     </div>
                  </div>
               </td>
            </tr>
            <tr></tr>
            <tr id="ajatest.Login_tearDown_byStatus_skiped_SKIP3_row"
                class="testMethodStatusSKIP testMethodStatusCONF">
               <td width="100%" class="firstMethodCell">
                  <a onclick="toggleDetailsVisibility('ajatest.Login_tearDown_byStatus_skiped_SKIP3_details')">tearDown()</a>
               </td>
               <td nowrap="true">16:41:10</td>
               <td nowrap="true" align="right">0 ms
                  
               </td>
               <td nowrap="true">
                   
                  
               </td>
            </tr>
            <tr>
               <td colspan="4" class="detailsBox">
                  <div id="ajatest.Login_tearDown_byStatus_skiped_SKIP3_details"
                       class="testMethodDetails">
                     <div>
                        <b>Name: </b>tearDown
                     </div>
                     <div>
                        <b>Signature: </b>tearDown()[pri:0, instance:ajatest.Login@14c508a]
                     </div>
                     <div>
                        <b>Start time: </b>16:41:10
                     </div>
                     <div>
                        <b>End time: </b>16:41:10
                     </div>
                     <div>
                        <b>Duration: </b>0 ms
                        
                     </div>
                  </div>
               </td>
            </tr>
            <tr></tr>
            <tr id="ajatest.Login_dbClose_byStatus_skiped_SKIP4_row"
                class="testMethodStatusSKIP testMethodStatusCONF">
               <td width="100%" class="firstMethodCell">
                  <a onclick="toggleDetailsVisibility('ajatest.Login_dbClose_byStatus_skiped_SKIP4_details')">dbClose()</a>
               </td>
               <td nowrap="true">16:41:10</td>
               <td nowrap="true" align="right">0 ms
                  
               </td>
               <td nowrap="true">
                   
                  
               </td>
            </tr>
            <tr>
               <td colspan="4" class="detailsBox">
                  <div id="ajatest.Login_dbClose_byStatus_skiped_SKIP4_details"
                       class="testMethodDetails">
                     <div>
                        <b>Name: </b>dbClose
                     </div>
                     <div>
                        <b>Signature: </b>dbClose()[pri:0, instance:ajatest.Login@14c508a]
                     </div>
                     <div>
                        <b>Start time: </b>16:41:10
                     </div>
                     <div>
                        <b>End time: </b>16:41:10
                     </div>
                     <div>
                        <b>Duration: </b>0 ms
                        
                     </div>
                  </div>
               </td>
            </tr>
            <tr></tr>
         </table>
      </div>
      <div id="testMethodsByClass">
         <table class="testMethodsTable" cellpadding="0" cellspacing="0">
            <tr>
               <td colspan="4">
                  <h3 style="display: inline;">ajatest.Login</h3>
               </td>
            </tr>
            <tr class="methodsTableHeader">
               <td width="100%">Name</td>
               <td nowrap="true">Started</td>
               <td nowrap="true">Duration</td>
               <td>Exception</td>
            </tr>
            <tr id="ajatest.Login_dbTest_byClass_PASS1_row"
                class="testMethodStatusPASS testMethodStatusCONF">
               <td width="100%" class="firstMethodCell">
                  <a onclick="toggleDetailsVisibility('ajatest.Login_dbTest_byClass_PASS1_details')">dbTest()</a>
               </td>
               <td nowrap="true">16:13:49</td>
               <td nowrap="true" align="right">823 ms
                  
               </td>
               <td nowrap="true">
                   
                  
               </td>
            </tr>
            <tr>
               <td colspan="4" class="detailsBox">
                  <div id="ajatest.Login_dbTest_byClass_PASS1_details" class="testMethodDetails">
                     <div>
                        <b>Name: </b>dbTest
                     </div>
                     <div>
                        <b>Signature: </b>dbTest()[pri:0, instance:ajatest.Login@14c508a]
                     </div>
                     <div>
                        <b>Start time: </b>16:13:49
                     </div>
                     <div>
                        <b>End time: </b>16:13:49
                     </div>
                     <div>
                        <b>Duration: </b>823 ms
                        
                     </div>
                  </div>
               </td>
            </tr>
            <tr></tr>
            <tr id="ajatest.Login_setUp_byClass_PASS2_row"
                class="testMethodStatusPASS testMethodStatusCONF">
               <td width="100%" class="firstMethodCell">
                  <a onclick="toggleDetailsVisibility('ajatest.Login_setUp_byClass_PASS2_details')">setUp()</a>
               </td>
               <td nowrap="true">16:13:49</td>
               <td nowrap="true" align="right">3s
                  
               </td>
               <td nowrap="true">
                   
                  
               </td>
            </tr>
            <tr>
               <td colspan="4" class="detailsBox">
                  <div id="ajatest.Login_setUp_byClass_PASS2_details" class="testMethodDetails">
                     <div>
                        <b>Name: </b>setUp
                     </div>
                     <div>
                        <b>Signature: </b>setUp()[pri:0, instance:ajatest.Login@14c508a]
                     </div>
                     <div>
                        <b>Start time: </b>16:13:49
                     </div>
                     <div>
                        <b>End time: </b>16:13:53
                     </div>
                     <div>
                        <b>Duration: </b>3s
                        
                     </div>
                  </div>
               </td>
            </tr>
            <tr></tr>
            <tr id="ajatest.Login_asserttest_byClass_FAIL3_row" class="testMethodStatusFAIL">
               <td width="100%" class="firstMethodCell">
                  <a onclick="toggleDetailsVisibility('ajatest.Login_asserttest_byClass_FAIL3_details')">asserttest()</a>
               </td>
               <td nowrap="true">16:13:53</td>
               <td nowrap="true" align="right">156 ms
                  
               </td>
               <td nowrap="true">
                  <a onclick="toggleDetailsVisibility('ajatest.Login_asserttest_byClass_FAIL3_exception')">java.lang.AssertionError: 
                     expected [ACRJournal Adviso] but found [ACRJournal Advisor]
                     
                  </a>
                   
                  
               </td>
            </tr>
            <tr>
               <td colspan="4" class="detailsBox">
                  <div id="ajatest.Login_asserttest_byClass_FAIL3_details" class="testMethodDetails">
                     <div>
                        <b>Name: </b>asserttest
                     </div>
                     <div>
                        <b>Signature: </b>asserttest()[pri:0, instance:ajatest.Login@14c508a]
                     </div>
                     <div>
                        <b>Start time: </b>16:13:53
                     </div>
                     <div>
                        <b>End time: </b>16:13:53
                     </div>
                     <div>
                        <b>Duration: </b>156 ms
                        
                     </div>
                  </div>
               </td>
            </tr>
            <tr>
               <td colspan="4" class="detailsBox">
                  <div id="ajatest.Login_asserttest_byClass_FAIL3_exception" class="testMethodDetails">
                     <pre style="padding: 5px; margin: 0;">java.lang.AssertionError: expected [ACRJournal Adviso] but found [ACRJournal Advisor]
                        	at org.testng.Assert.fail(Assert.java:94)
                        	at org.testng.Assert.failNotEquals(Assert.java:496)
                        	at org.testng.Assert.assertEquals(Assert.java:125)
                        	at org.testng.Assert.assertEquals(Assert.java:178)
                        	at org.testng.Assert.assertEquals(Assert.java:188)
                        	at ajatest.Login.asserttest(Login.java:65)
                        	at sun.reflect.NativeMethodAccessorImpl.invoke0(Native Method)
                        	at sun.reflect.NativeMethodAccessorImpl.invoke(Unknown Source)
                        	at sun.reflect.DelegatingMethodAccessorImpl.invoke(Unknown Source)
                        	at java.lang.reflect.Method.invoke(Unknown Source)
                        	at org.testng.internal.MethodInvocationHelper.invokeMethod(MethodInvocationHelper.java:85)
                        	at org.testng.internal.Invoker.invokeMethod(Invoker.java:639)
                        	at org.testng.internal.Invoker.invokeTestMethod(Invoker.java:816)
                        	at org.testng.internal.Invoker.invokeTestMethods(Invoker.java:1124)
                        	at org.testng.internal.TestMethodWorker.invokeTestMethods(TestMethodWorker.java:125)
                        	at org.testng.internal.TestMethodWorker.run(TestMethodWorker.java:108)
                        	at org.testng.TestRunner.privateRun(TestRunner.java:774)
                        	at org.testng.TestRunner.run(TestRunner.java:624)
                        	at org.testng.SuiteRunner.runTest(SuiteRunner.java:359)
                        	at org.testng.SuiteRunner.runSequentially(SuiteRunner.java:354)
                        	at org.testng.SuiteRunner.privateRun(SuiteRunner.java:312)
                        	at org.testng.SuiteRunner.run(SuiteRunner.java:261)
                        	at org.testng.SuiteRunnerWorker.runSuite(SuiteRunnerWorker.java:52)
                        	at org.testng.SuiteRunnerWorker.run(SuiteRunnerWorker.java:86)
                        	at org.testng.TestNG.runSuitesSequentially(TestNG.java:1215)
                        	at org.testng.TestNG.runSuitesLocally(TestNG.java:1140)
                        	at org.testng.TestNG.run(TestNG.java:1048)
                        	at org.testng.remote.RemoteTestNG.run(RemoteTestNG.java:112)
                        	at org.testng.remote.RemoteTestNG.initAndRun(RemoteTestNG.java:205)
                        	at org.testng.remote.RemoteTestNG.main(RemoteTestNG.java:176)
                     </pre>
                  </div>
               </td>
            </tr>
            <tr id="ajatest.Login_tearDown_byClass_PASS4_row"
                class="testMethodStatusPASS testMethodStatusCONF">
               <td width="100%" class="firstMethodCell">
                  <a onclick="toggleDetailsVisibility('ajatest.Login_tearDown_byClass_PASS4_details')">tearDown()</a>
               </td>
               <td nowrap="true">16:13:53</td>
               <td nowrap="true" align="right">5s
                  
               </td>
               <td nowrap="true">
                   
                  
               </td>
            </tr>
            <tr>
               <td colspan="4" class="detailsBox">
                  <div id="ajatest.Login_tearDown_byClass_PASS4_details" class="testMethodDetails">
                     <div>
                        <b>Name: </b>tearDown
                     </div>
                     <div>
                        <b>Signature: </b>tearDown()[pri:0, instance:ajatest.Login@14c508a]
                     </div>
                     <div>
                        <b>Start time: </b>16:13:53
                     </div>
                     <div>
                        <b>End time: </b>16:13:58
                     </div>
                     <div>
                        <b>Duration: </b>5s
                        
                     </div>
                  </div>
               </td>
            </tr>
            <tr></tr>
            <tr id="ajatest.Login_setUp_byClass_PASS5_row"
                class="testMethodStatusPASS testMethodStatusCONF">
               <td width="100%" class="firstMethodCell">
                  <a onclick="toggleDetailsVisibility('ajatest.Login_setUp_byClass_PASS5_details')">setUp()</a>
               </td>
               <td nowrap="true">16:13:58</td>
               <td nowrap="true" align="right">1s
                  
               </td>
               <td nowrap="true">
                   
                  
               </td>
            </tr>
            <tr>
               <td colspan="4" class="detailsBox">
                  <div id="ajatest.Login_setUp_byClass_PASS5_details" class="testMethodDetails">
                     <div>
                        <b>Name: </b>setUp
                     </div>
                     <div>
                        <b>Signature: </b>setUp()[pri:0, instance:ajatest.Login@14c508a]
                     </div>
                     <div>
                        <b>Start time: </b>16:13:58
                     </div>
                     <div>
                        <b>End time: </b>16:14:00
                     </div>
                     <div>
                        <b>Duration: </b>1s
                        
                     </div>
                  </div>
               </td>
            </tr>
            <tr></tr>
            <tr id="ajatest.Login_asserttest1_byClass_FAIL6_row" class="testMethodStatusFAIL">
               <td width="100%" class="firstMethodCell">
                  <a onclick="toggleDetailsVisibility('ajatest.Login_asserttest1_byClass_FAIL6_details')">asserttest1()</a>
               </td>
               <td nowrap="true">16:14:00</td>
               <td nowrap="true" align="right">3 ms
                  
               </td>
               <td nowrap="true">
                  <a onclick="toggleDetailsVisibility('ajatest.Login_asserttest1_byClass_FAIL6_exception')">java.lang.AssertionError: 
                     expected [ACR Journal Advisor: More Than Researc] but found [ACR Journal Advisor: More Than Research]
                     
                  </a>
                   
                  
               </td>
            </tr>
            <tr>
               <td colspan="4" class="detailsBox">
                  <div id="ajatest.Login_asserttest1_byClass_FAIL6_details" class="testMethodDetails">
                     <div>
                        <b>Name: </b>asserttest1
                     </div>
                     <div>
                        <b>Signature: </b>asserttest1()[pri:0, instance:ajatest.Login@14c508a]
                     </div>
                     <div>
                        <b>Start time: </b>16:14:00
                     </div>
                     <div>
                        <b>End time: </b>16:14:00
                     </div>
                     <div>
                        <b>Duration: </b>3 ms
                        
                     </div>
                  </div>
               </td>
            </tr>
            <tr>
               <td colspan="4" class="detailsBox">
                  <div id="ajatest.Login_asserttest1_byClass_FAIL6_exception"
                       class="testMethodDetails">
                     <pre style="padding: 5px; margin: 0;">java.lang.AssertionError: expected [ACR Journal Advisor: More Than Researc] but found [ACR Journal Advisor: More Than Research]
                        	at org.testng.Assert.fail(Assert.java:94)
                        	at org.testng.Assert.failNotEquals(Assert.java:496)
                        	at org.testng.Assert.assertEquals(Assert.java:125)
                        	at org.testng.Assert.assertEquals(Assert.java:178)
                        	at org.testng.Assert.assertEquals(Assert.java:188)
                        	at ajatest.Login.asserttest1(Login.java:79)
                        	at sun.reflect.NativeMethodAccessorImpl.invoke0(Native Method)
                        	at sun.reflect.NativeMethodAccessorImpl.invoke(Unknown Source)
                        	at sun.reflect.DelegatingMethodAccessorImpl.invoke(Unknown Source)
                        	at java.lang.reflect.Method.invoke(Unknown Source)
                        	at org.testng.internal.MethodInvocationHelper.invokeMethod(MethodInvocationHelper.java:85)
                        	at org.testng.internal.Invoker.invokeMethod(Invoker.java:639)
                        	at org.testng.internal.Invoker.invokeTestMethod(Invoker.java:816)
                        	at org.testng.internal.Invoker.invokeTestMethods(Invoker.java:1124)
                        	at org.testng.internal.TestMethodWorker.invokeTestMethods(TestMethodWorker.java:125)
                        	at org.testng.internal.TestMethodWorker.run(TestMethodWorker.java:108)
                        	at org.testng.TestRunner.privateRun(TestRunner.java:774)
                        	at org.testng.TestRunner.run(TestRunner.java:624)
                        	at org.testng.SuiteRunner.runTest(SuiteRunner.java:359)
                        	at org.testng.SuiteRunner.runSequentially(SuiteRunner.java:354)
                        	at org.testng.SuiteRunner.privateRun(SuiteRunner.java:312)
                        	at org.testng.SuiteRunner.run(SuiteRunner.java:261)
                        	at org.testng.SuiteRunnerWorker.runSuite(SuiteRunnerWorker.java:52)
                        	at org.testng.SuiteRunnerWorker.run(SuiteRunnerWorker.java:86)
                        	at org.testng.TestNG.runSuitesSequentially(TestNG.java:1215)
                        	at org.testng.TestNG.runSuitesLocally(TestNG.java:1140)
                        	at org.testng.TestNG.run(TestNG.java:1048)
                        	at org.testng.remote.RemoteTestNG.run(RemoteTestNG.java:112)
                        	at org.testng.remote.RemoteTestNG.initAndRun(RemoteTestNG.java:205)
                        	at org.testng.remote.RemoteTestNG.main(RemoteTestNG.java:176)
                     </pre>
                  </div>
               </td>
            </tr>
            <tr id="ajatest.Login_tearDown_byClass_PASS7_row"
                class="testMethodStatusPASS testMethodStatusCONF">
               <td width="100%" class="firstMethodCell">
                  <a onclick="toggleDetailsVisibility('ajatest.Login_tearDown_byClass_PASS7_details')">tearDown()</a>
               </td>
               <td nowrap="true">16:14:00</td>
               <td nowrap="true" align="right">4s
                  
               </td>
               <td nowrap="true">
                   
                  
               </td>
            </tr>
            <tr>
               <td colspan="4" class="detailsBox">
                  <div id="ajatest.Login_tearDown_byClass_PASS7_details" class="testMethodDetails">
                     <div>
                        <b>Name: </b>tearDown
                     </div>
                     <div>
                        <b>Signature: </b>tearDown()[pri:0, instance:ajatest.Login@14c508a]
                     </div>
                     <div>
                        <b>Start time: </b>16:14:00
                     </div>
                     <div>
                        <b>End time: </b>16:14:04
                     </div>
                     <div>
                        <b>Duration: </b>4s
                        
                     </div>
                  </div>
               </td>
            </tr>
            <tr></tr>
            <tr id="ajatest.Login_setUp_byClass_PASS8_row"
                class="testMethodStatusPASS testMethodStatusCONF">
               <td width="100%" class="firstMethodCell">
                  <a onclick="toggleDetailsVisibility('ajatest.Login_setUp_byClass_PASS8_details')">setUp()</a>
               </td>
               <td nowrap="true">16:14:04</td>
               <td nowrap="true" align="right">2s
                  
               </td>
               <td nowrap="true">
                   
                  
               </td>
            </tr>
            <tr>
               <td colspan="4" class="detailsBox">
                  <div id="ajatest.Login_setUp_byClass_PASS8_details" class="testMethodDetails">
                     <div>
                        <b>Name: </b>setUp
                     </div>
                     <div>
                        <b>Signature: </b>setUp()[pri:0, instance:ajatest.Login@14c508a]
                     </div>
                     <div>
                        <b>Start time: </b>16:14:04
                     </div>
                     <div>
                        <b>End time: </b>16:14:07
                     </div>
                     <div>
                        <b>Duration: </b>2s
                        
                     </div>
                  </div>
               </td>
            </tr>
            <tr></tr>
            <tr id="ajatest.Login_login_byClass_PASS9_row" class="testMethodStatusPASS">
               <td width="100%" class="firstMethodCell">
                  <a onclick="toggleDetailsVisibility('ajatest.Login_login_byClass_PASS9_details')">login()</a>
               </td>
               <td nowrap="true">16:14:07</td>
               <td nowrap="true" align="right">27m
                  
               </td>
               <td nowrap="true">
                   
                  
               </td>
            </tr>
            <tr>
               <td colspan="4" class="detailsBox">
                  <div id="ajatest.Login_login_byClass_PASS9_details" class="testMethodDetails">
                     <div>
                        <b>Name: </b>login
                     </div>
                     <div>
                        <b>Signature: </b>login()[pri:0, instance:ajatest.Login@14c508a]
                     </div>
                     <div>
                        <b>Start time: </b>16:14:07
                     </div>
                     <div>
                        <b>End time: </b>16:41:07
                     </div>
                     <div>
                        <b>Duration: </b>27m
                        
                     </div>
                  </div>
               </td>
            </tr>
            <tr></tr>
            <tr id="ajatest.Login_tearDown_byClass_FAIL10_row"
                class="testMethodStatusFAIL testMethodStatusCONF">
               <td width="100%" class="firstMethodCell">
                  <a onclick="toggleDetailsVisibility('ajatest.Login_tearDown_byClass_FAIL10_details')">tearDown()</a>
               </td>
               <td nowrap="true">16:41:07</td>
               <td nowrap="true" align="right">0 ms
                  
               </td>
               <td nowrap="true">
                  <a onclick="toggleDetailsVisibility('ajatest.Login_tearDown_byClass_FAIL10_exception')">org.openqa.selenium.WebDriverException: 
                     chrome not reachable
                     (Session info: chrome=47.0.2526.106)
                     (Driver info: chromedriver=2.9.248315,platform=Windows NT 6.1 SP1 x86) (WARNING: The server did not provide any stacktrace
                     information)
                     Command duration or timeout: 1.06 seconds
                     Build info: version: '2.48.2', revision: '41bccdd', time: '2015-10-09 19:59:12'
                     System info: host: 'MWEB-GBD3DUC041', ip: '10.200.2.120', os.name: 'Windows 7', os.arch: 'x86', os.version: '6.1', java.version:
                     '1.8.0_66'
                     Driver info: org.openqa.selenium.chrome.ChromeDriver
                     Capabilities [{applicationCacheEnabled=false, rotatable=false, chrome={userDataDir=C:\Users\SKRISH~1\AppData\Local\Temp\scoped_dir2928_29092},
                     takesHeapSnapshot=true, databaseEnabled=false, handlesAlerts=true, version=47.0.2526.106, platform=XP, browserConnectionEnabled=false,
                     nativeEvents=true, acceptSslCerts=true, locationContextEnabled=true, webStorageEnabled=true, browserName=chrome, takesScreenshot=true,
                     javascriptEnabled=true, cssSelectorsEnabled=true}]
                     Session ID: 2c74894b0e4ff0ffa5a5ffd6287acd61
                     
                  </a>
                   
                  
               </td>
            </tr>
            <tr>
               <td colspan="4" class="detailsBox">
                  <div id="ajatest.Login_tearDown_byClass_FAIL10_details" class="testMethodDetails">
                     <div>
                        <b>Name: </b>tearDown
                     </div>
                     <div>
                        <b>Signature: </b>tearDown()[pri:0, instance:ajatest.Login@14c508a]
                     </div>
                     <div>
                        <b>Start time: </b>16:41:07
                     </div>
                     <div>
                        <b>End time: </b>16:41:07
                     </div>
                     <div>
                        <b>Duration: </b>0 ms
                        
                     </div>
                  </div>
               </td>
            </tr>
            <tr>
               <td colspan="4" class="detailsBox">
                  <div id="ajatest.Login_tearDown_byClass_FAIL10_exception" class="testMethodDetails">
                     <pre style="padding: 5px; margin: 0;">org.openqa.selenium.WebDriverException: chrome not reachable
                        (Session info: chrome=47.0.2526.106)
                        (Driver info: chromedriver=2.9.248315,platform=Windows NT 6.1 SP1 x86) (WARNING: The server did not provide any stacktrace
                        information)
                        Command duration or timeout: 1.06 seconds
                        Build info: version: '2.48.2', revision: '41bccdd', time: '2015-10-09 19:59:12'
                        System info: host: 'MWEB-GBD3DUC041', ip: '10.200.2.120', os.name: 'Windows 7', os.arch: 'x86', os.version: '6.1', java.version:
                        '1.8.0_66'
                        Driver info: org.openqa.selenium.chrome.ChromeDriver
                        Capabilities [{applicationCacheEnabled=false, rotatable=false, chrome={userDataDir=C:\Users\SKRISH~1\AppData\Local\Temp\scoped_dir2928_29092},
                        takesHeapSnapshot=true, databaseEnabled=false, handlesAlerts=true, version=47.0.2526.106, platform=XP, browserConnectionEnabled=false,
                        nativeEvents=true, acceptSslCerts=true, locationContextEnabled=true, webStorageEnabled=true, browserName=chrome, takesScreenshot=true,
                        javascriptEnabled=true, cssSelectorsEnabled=true}]
                        Session ID: 2c74894b0e4ff0ffa5a5ffd6287acd61
                        	at sun.reflect.NativeConstructorAccessorImpl.newInstance0(Native Method)
                        	at sun.reflect.NativeConstructorAccessorImpl.newInstance(Unknown Source)
                        	at sun.reflect.DelegatingConstructorAccessorImpl.newInstance(Unknown Source)
                        	at java.lang.reflect.Constructor.newInstance(Unknown Source)
                        	at org.openqa.selenium.remote.ErrorHandler.createThrowable(ErrorHandler.java:206)
                        	at org.openqa.selenium.remote.ErrorHandler.throwIfResponseFailed(ErrorHandler.java:158)
                        	at org.openqa.selenium.remote.RemoteWebDriver.execute(RemoteWebDriver.java:647)
                        	at org.openqa.selenium.remote.RemoteWebDriver.execute(RemoteWebDriver.java:670)
                        	at org.openqa.selenium.remote.RemoteWebDriver.close(RemoteWebDriver.java:511)
                        	at ajatest.Login.tearDown(Login.java:109)
                        	at sun.reflect.NativeMethodAccessorImpl.invoke0(Native Method)
                        	at sun.reflect.NativeMethodAccessorImpl.invoke(Unknown Source)
                        	at sun.reflect.DelegatingMethodAccessorImpl.invoke(Unknown Source)
                        	at java.lang.reflect.Method.invoke(Unknown Source)
                        	at org.testng.internal.MethodInvocationHelper.invokeMethod(MethodInvocationHelper.java:85)
                        	at org.testng.internal.Invoker.invokeConfigurationMethod(Invoker.java:510)
                        	at org.testng.internal.Invoker.invokeConfigurations(Invoker.java:211)
                        	at org.testng.internal.Invoker.invokeMethod(Invoker.java:703)
                        	at org.testng.internal.Invoker.invokeTestMethod(Invoker.java:816)
                        	at org.testng.internal.Invoker.invokeTestMethods(Invoker.java:1124)
                        	at org.testng.internal.TestMethodWorker.invokeTestMethods(TestMethodWorker.java:125)
                        	at org.testng.internal.TestMethodWorker.run(TestMethodWorker.java:108)
                        	at org.testng.TestRunner.privateRun(TestRunner.java:774)
                        	at org.testng.TestRunner.run(TestRunner.java:624)
                        	at org.testng.SuiteRunner.runTest(SuiteRunner.java:359)
                        	at org.testng.SuiteRunner.runSequentially(SuiteRunner.java:354)
                        	at org.testng.SuiteRunner.privateRun(SuiteRunner.java:312)
                        	at org.testng.SuiteRunner.run(SuiteRunner.java:261)
                        	at org.testng.SuiteRunnerWorker.runSuite(SuiteRunnerWorker.java:52)
                        	at org.testng.SuiteRunnerWorker.run(SuiteRunnerWorker.java:86)
                        	at org.testng.TestNG.runSuitesSequentially(TestNG.java:1215)
                        	at org.testng.TestNG.runSuitesLocally(TestNG.java:1140)
                        	at org.testng.TestNG.run(TestNG.java:1048)
                        	at org.testng.remote.RemoteTestNG.run(RemoteTestNG.java:112)
                        	at org.testng.remote.RemoteTestNG.initAndRun(RemoteTestNG.java:205)
                        	at org.testng.remote.RemoteTestNG.main(RemoteTestNG.java:176)
                     </pre>
                  </div>
               </td>
            </tr>
            <tr id="ajatest.Login_setUp_byClass_SKIP11_row"
                class="testMethodStatusSKIP testMethodStatusCONF">
               <td width="100%" class="firstMethodCell">
                  <a onclick="toggleDetailsVisibility('ajatest.Login_setUp_byClass_SKIP11_details')">setUp()</a>
               </td>
               <td nowrap="true">16:41:10</td>
               <td nowrap="true" align="right">0 ms
                  
               </td>
               <td nowrap="true">
                   
                  
               </td>
            </tr>
            <tr>
               <td colspan="4" class="detailsBox">
                  <div id="ajatest.Login_setUp_byClass_SKIP11_details" class="testMethodDetails">
                     <div>
                        <b>Name: </b>setUp
                     </div>
                     <div>
                        <b>Signature: </b>setUp()[pri:0, instance:ajatest.Login@14c508a]
                     </div>
                     <div>
                        <b>Start time: </b>16:41:10
                     </div>
                     <div>
                        <b>End time: </b>16:41:10
                     </div>
                     <div>
                        <b>Duration: </b>0 ms
                        
                     </div>
                  </div>
               </td>
            </tr>
            <tr></tr>
            <tr id="ajatest.Login_testCaseSkipException_byClass_SKIP12_row"
                class="testMethodStatusSKIP">
               <td width="100%" class="firstMethodCell">
                  <a onclick="toggleDetailsVisibility('ajatest.Login_testCaseSkipException_byClass_SKIP12_details')">testCaseSkipException()</a>
               </td>
               <td nowrap="true">16:41:10</td>
               <td nowrap="true" align="right">0 ms
                  
               </td>
               <td nowrap="true">
                   
                  
               </td>
            </tr>
            <tr>
               <td colspan="4" class="detailsBox">
                  <div id="ajatest.Login_testCaseSkipException_byClass_SKIP12_details"
                       class="testMethodDetails">
                     <div>
                        <b>Name: </b>testCaseSkipException
                     </div>
                     <div>
                        <b>Signature: </b>testCaseSkipException()[pri:0, instance:ajatest.Login@14c508a]
                     </div>
                     <div>
                        <b>Start time: </b>16:41:10
                     </div>
                     <div>
                        <b>End time: </b>16:41:10
                     </div>
                     <div>
                        <b>Duration: </b>0 ms
                        
                     </div>
                  </div>
               </td>
            </tr>
            <tr></tr>
            <tr id="ajatest.Login_tearDown_byClass_SKIP13_row"
                class="testMethodStatusSKIP testMethodStatusCONF">
               <td width="100%" class="firstMethodCell">
                  <a onclick="toggleDetailsVisibility('ajatest.Login_tearDown_byClass_SKIP13_details')">tearDown()</a>
               </td>
               <td nowrap="true">16:41:10</td>
               <td nowrap="true" align="right">0 ms
                  
               </td>
               <td nowrap="true">
                   
                  
               </td>
            </tr>
            <tr>
               <td colspan="4" class="detailsBox">
                  <div id="ajatest.Login_tearDown_byClass_SKIP13_details" class="testMethodDetails">
                     <div>
                        <b>Name: </b>tearDown
                     </div>
                     <div>
                        <b>Signature: </b>tearDown()[pri:0, instance:ajatest.Login@14c508a]
                     </div>
                     <div>
                        <b>Start time: </b>16:41:10
                     </div>
                     <div>
                        <b>End time: </b>16:41:10
                     </div>
                     <div>
                        <b>Duration: </b>0 ms
                        
                     </div>
                  </div>
               </td>
            </tr>
            <tr></tr>
            <tr id="ajatest.Login_dbClose_byClass_SKIP14_row"
                class="testMethodStatusSKIP testMethodStatusCONF">
               <td width="100%" class="firstMethodCell">
                  <a onclick="toggleDetailsVisibility('ajatest.Login_dbClose_byClass_SKIP14_details')">dbClose()</a>
               </td>
               <td nowrap="true">16:41:10</td>
               <td nowrap="true" align="right">0 ms
                  
               </td>
               <td nowrap="true">
                   
                  
               </td>
            </tr>
            <tr>
               <td colspan="4" class="detailsBox">
                  <div id="ajatest.Login_dbClose_byClass_SKIP14_details" class="testMethodDetails">
                     <div>
                        <b>Name: </b>dbClose
                     </div>
                     <div>
                        <b>Signature: </b>dbClose()[pri:0, instance:ajatest.Login@14c508a]
                     </div>
                     <div>
                        <b>Start time: </b>16:41:10
                     </div>
                     <div>
                        <b>End time: </b>16:41:10
                     </div>
                     <div>
                        <b>Duration: </b>0 ms
                        
                     </div>
                  </div>
               </td>
            </tr>
            <tr></tr>
         </table>
         <br></br>
      </div>
      <div style="margin-top: 15px; color: gray; text-align: center; font-size: 9px;">
         Generated with
         
         <a href="http://code.google.com/p/testng-xslt/" style="color: #8888aa;"
            target="_blank">
            TestNG XSLT
            
         </a>
      </div>
   </body>
</html>